0 info it worked if it ends with ok
1 verbose cli [ '/usr/bin/node', '/usr/bin/npm', 'install' ]
2 info using npm@1.3.14
3 info using node@v0.10.22
4 verbose readDependencies using package.json deps
5 verbose install where, deps [ '/home/wolfdogg/sites/grunt/jStrap',
5 verbose install   [ 'grunt',
5 verbose install     'grunt-cli',
5 verbose install     'grunt-jquerybuilder',
5 verbose install     'grunt-bootstrap',
5 verbose install     'grunt-contrib-jade',
5 verbose install     'grunt-jade-php',
5 verbose install     'grunt-contrib-less',
5 verbose install     'grunt-modernizr',
5 verbose install     'stacktrace-js',
5 verbose install     'grunt-contrib-jshint',
5 verbose install     'grunt-contrib-uglify',
5 verbose install     'grunt-contrib-watch',
5 verbose install     'grunt-contrib-cssmin',
5 verbose install     'grunt-html',
5 verbose install     'grunt-htmlclean',
5 verbose install     'grunt-html-prettyprinter',
5 verbose install     'grunt-contrib-imagemin',
5 verbose install     'grunt-contrib-copy',
5 verbose install     'grunt-contrib-clean',
5 verbose install     'grunt-phpcs',
5 verbose install     'grunt-shell' ] ]
6 info preinstall jStrap@0.0.1
7 verbose readDependencies using package.json deps
8 verbose already installed skipping grunt-bootstrap@~0.1.0 /home/wolfdogg/sites/grunt/jStrap
9 verbose already installed skipping grunt@~0.4.2 /home/wolfdogg/sites/grunt/jStrap
10 verbose already installed skipping grunt-cli@~0.1.11 /home/wolfdogg/sites/grunt/jStrap
11 verbose already installed skipping grunt-contrib-jade@~0.8.0 /home/wolfdogg/sites/grunt/jStrap
12 verbose already installed skipping grunt-jquerybuilder@~0.1.4 /home/wolfdogg/sites/grunt/jStrap
13 verbose already installed skipping grunt-jade-php@~0.1.0 /home/wolfdogg/sites/grunt/jStrap
14 verbose already installed skipping grunt-contrib-less@~0.8.2 /home/wolfdogg/sites/grunt/jStrap
15 verbose already installed skipping grunt-modernizr@~0.4.1 /home/wolfdogg/sites/grunt/jStrap
16 verbose already installed skipping stacktrace-js@~0.5.0 /home/wolfdogg/sites/grunt/jStrap
17 verbose already installed skipping grunt-contrib-jshint@~0.7.2 /home/wolfdogg/sites/grunt/jStrap
18 verbose already installed skipping grunt-contrib-uglify@~0.2.7 /home/wolfdogg/sites/grunt/jStrap
19 verbose already installed skipping grunt-contrib-watch@~0.5.3 /home/wolfdogg/sites/grunt/jStrap
20 verbose already installed skipping grunt-contrib-cssmin@~0.7.0 /home/wolfdogg/sites/grunt/jStrap
21 verbose already installed skipping grunt-html@~0.3.4 /home/wolfdogg/sites/grunt/jStrap
22 verbose already installed skipping grunt-htmlclean@~0.1.3 /home/wolfdogg/sites/grunt/jStrap
23 verbose already installed skipping grunt-html-prettyprinter@~1.3.1 /home/wolfdogg/sites/grunt/jStrap
24 verbose already installed skipping grunt-contrib-imagemin@~0.4.0 /home/wolfdogg/sites/grunt/jStrap
25 verbose already installed skipping grunt-contrib-copy@~0.4.1 /home/wolfdogg/sites/grunt/jStrap
26 verbose already installed skipping grunt-contrib-clean@~0.5.0 /home/wolfdogg/sites/grunt/jStrap
27 verbose already installed skipping grunt-phpcs@~0.2.1 /home/wolfdogg/sites/grunt/jStrap
28 verbose already installed skipping grunt-shell@~0.6.1 /home/wolfdogg/sites/grunt/jStrap
29 silly resolved []
30 info build /home/wolfdogg/sites/grunt/jStrap
31 verbose linkStuff [ false, false, false, '/home/wolfdogg/sites/grunt' ]
32 info linkStuff jStrap@0.0.1
33 verbose linkBins jStrap@0.0.1
34 verbose linkMans jStrap@0.0.1
35 verbose rebuildBundles jStrap@0.0.1
36 verbose rebuildBundles [ '.bin',
36 verbose rebuildBundles   'grunt',
36 verbose rebuildBundles   'grunt-bootstrap',
36 verbose rebuildBundles   'grunt-cli',
36 verbose rebuildBundles   'grunt-contrib-clean',
36 verbose rebuildBundles   'grunt-contrib-copy',
36 verbose rebuildBundles   'grunt-contrib-cssmin',
36 verbose rebuildBundles   'grunt-contrib-imagemin',
36 verbose rebuildBundles   'grunt-contrib-jade',
36 verbose rebuildBundles   'grunt-contrib-jshint',
36 verbose rebuildBundles   'grunt-contrib-less',
36 verbose rebuildBundles   'grunt-contrib-uglify',
36 verbose rebuildBundles   'grunt-contrib-watch',
36 verbose rebuildBundles   'grunt-html',
36 verbose rebuildBundles   'grunt-html-prettyprinter',
36 verbose rebuildBundles   'grunt-htmlclean',
36 verbose rebuildBundles   'grunt-jade-php',
36 verbose rebuildBundles   'grunt-jquerybuilder',
36 verbose rebuildBundles   'grunt-modernizr',
36 verbose rebuildBundles   'grunt-phpcs',
36 verbose rebuildBundles   'grunt-shell',
36 verbose rebuildBundles   'html',
36 verbose rebuildBundles   'stacktrace-js' ]
37 verbose rebuild bundle /home/wolfdogg/sites/grunt/jStrap/node_modules/html
38 info build /home/wolfdogg/sites/grunt/jStrap/node_modules/html
39 info preinstall html@0.0.7
40 verbose linkStuff [ false,
40 verbose linkStuff   false,
40 verbose linkStuff   false,
40 verbose linkStuff   '/home/wolfdogg/sites/grunt/jStrap/node_modules' ]
41 info linkStuff html@0.0.7
42 verbose linkBins html@0.0.7
43 verbose link bins [ { html: './bin/html.js' },
43 verbose link bins   '/home/wolfdogg/sites/grunt/jStrap/node_modules/.bin',
43 verbose link bins   false ]
44 verbose linkMans html@0.0.7
45 verbose rebuildBundles html@0.0.7
46 info install html@0.0.7
47 info postinstall html@0.0.7
48 info install jStrap@0.0.1
49 info postinstall jStrap@0.0.1
50 verbose unsafe-perm in lifecycle true
51 info jStrap@0.0.1 Failed to exec postinstall script
52 error jStrap@0.0.1 postinstall: `./src/copy/initproject.sh`
52 error Exit status 126
53 error Failed at the jStrap@0.0.1 postinstall script.
53 error This is most likely a problem with the jStrap package,
53 error not with npm itself.
53 error Tell the author that this fails on your system:
53 error     ./src/copy/initproject.sh
53 error You can get their info via:
53 error     npm owner ls jStrap
53 error There is likely additional logging output above.
54 error System Linux 3.12.1-3-ARCH
55 error command "/usr/bin/node" "/usr/bin/npm" "install"
56 error cwd /home/wolfdogg/sites/grunt/jStrap
57 error node -v v0.10.22
58 error npm -v 1.3.14
59 error code ELIFECYCLE
60 verbose exit [ 1, true ]
